The following modules were not unloaded:
  (Use "module --force purge" to unload all):

  1) CCconfig         4) imkl/2020.1.217    7) libfabric/1.10.1
  2) gentoo/2020      5) intel/2020.1.217   8) openmpi/4.0.3
  3) gcccore/.9.3.0   6) ucx/1.8.0          9) StdEnv/2020

Lmod is automatically replacing "intel/2020.1.217" with "gcc/9.3.0".


Due to MODULEPATH changes, the following have been reloaded:
  1) libfabric/1.10.1     2) openmpi/4.0.3     3) ucx/1.8.0

The environment has already been set by the module.
Not making any changes.
At line 111 of file /tmp/ebuser/avx2/AmberTools/21/gofbc-2020.1.403.114/AmberTools/src/sander/rdparm.F90 (unit = 8, file = 'TXS-GGPP.prmtop')
Fortran runtime error: End of file

Error termination. Backtrace:
#0  0x2b6103d8b730 in ???
#1  0x2b6103d8c289 in ???
#2  0x2b6103d8cf6f in ???
#3  0x2b6103fc076b in ???
#4  0x2b6103fc0d62 in ???
#5  0x2b6103fbd49b in ???
#6  0x2b6103fc2444 in ???
#7  0x2b6103fc350b in ???
#8  0x67d741 in ???
#9  0x65e71e in ???
#10  0x65d67d in ???
#11  0x65d755 in ???
#12  0x2b610410fe1a in ???
#13  0x458f09 in ???
#14  0xffffffffffffffff in ???
cdr2502.int.cedar.computecanada.ca.58804psmi_cuda_initialize: Unable to find active CUDA context
srun: error: cdr2502: task 0: Exited with exit code 2
srun: Terminating StepId=19253503.0
slurmstepd: error: *** STEP 19253503.0 ON cdr2502 CANCELLED AT 2023-11-25T09:55:46 ***
srun: error: cdr2555: task 6: Terminated
srun: error: cdr2563: task 7: Terminated
srun: error: cdr2526: tasks 4-5: Terminated
srun: error: cdr2502: tasks 1-3: Terminated
srun: Force Terminated StepId=19253503.0
Error: Could not determine format of topology 'TXS-GGPP.prmtop'
Error: Could not open topology 'TXS-GGPP.prmtop'
	1 errors encountered reading input.
Error: Error(s) occurred during execution.

CPPTRAJ: Trajectory Analysis. V5.1.0 OpenMP
    ___  ___  ___  ___
     | \/ | \/ | \/ | 
    _|_/\_|_/\_|_/\_|_

| 4 OpenMP threads available.
| Date/time: 11/25/23 09:55:46
| Available memory: 151.575 GB

INPUT: Reading input from 'QM_MM/to_pdb.in'
  [parm TXS-GGPP.prmtop]
TIME: Total execution time: 0.0801 seconds.

